2022-11-27 10:26:03------zwj2注册了
2022-11-27 14:52:20------zwj2锁定
2022-11-30 09:39:16------zwj2解锁定
2022-11-30 09:39:57------zwj2查看余额
2022-11-30 09:44:31------zwj锁定
2022-11-30 09:44:57------zwj解锁定
2022-11-30 09:45:54------zwj查看余额
2022-11-30 09:46:01------zwj查看余额
2022-11-30 09:47:32------zwj查看余额
2022-11-30 09:48:40------查看余额
2022-11-30 09:56:22------None查看余额
2022-11-30 09:57:52------None查看余额
2022-11-30 09:58:01------None查看余额
2022-11-30 09:59:08------None查看余额
2022-11-30 10:19:47------zwj查看余额
2022-12-02 15:28:55------zwj查看余额
2022-12-02 15:30:39------zwj查看余额
2022-12-02 16:06:22------zwj查看余额
2022-12-02 16:11:27------zwj查看余额
2022-12-02 16:13:56------zwj查看余额
2022-12-02 16:13:56------zwj查看余额
2022-12-02 16:15:22------zwj2查看余额
2022-12-02 17:38:18------zwj查看余额
2022-12-02 17:45:48------zwj查看余额
2022-12-02 17:47:13------zwj查看余额
2022-12-02 17:48:23------zwj查看余额
2022-12-02 17:49:34------zwj查看余额
2022-12-02 17:52:09------zwj2查看余额
2022-12-02 17:54:27------zwj2查看余额
2022-12-02 17:54:27------zwj收到zwj2的转账，金额500元
2022-12-02 17:54:52------zwj查看余额
2022-12-02 17:54:52------zwj2收到zwj的转账，金额500元
2022-12-02 17:56:54------zwj3注册了
2022-12-02 17:58:42------zwj3存款了1000000
2022-12-02 17:59:44------zwj3查看余额
2022-12-02 17:59:44------zwj收到zwj3的转账，金额125000元
2022-12-02 18:02:43------zwj3 查看银行流水
